# JRE version: Java(TM) SE Runtime Environment (7.0_45-b18) (build 1.7.0_45-b18)
# Java VM: Java HotSpot(TM) 64-Bit Server VM (24.45-b08 mixed mode linux-amd64 compressed oops)
Heap
 PSYoungGen      total 139264K, used 78478K [0x00000007ad080000, 0x00000007be080000, 0x0000000800000000)
  eden space 129024K, 52% used [0x00000007ad080000,0x00000007b1328de0,0x00000007b4e80000)
  from space 10240K, 99% used [0x00000007b4e80000,0x00000007b587ad78,0x00000007b5880000)
  to   space 10240K, 0% used [0x00000007bd680000,0x00000007bd680000,0x00000007be080000)
 ParOldGen       total 169472K, used 58859K [0x0000000707200000, 0x0000000711780000, 0x00000007ad080000)
  object space 169472K, 34% used [0x0000000707200000,0x000000070ab7af60,0x0000000711780000)
 PSPermGen       total 53760K, used 53434K [0x0000000702000000, 0x0000000705480000, 0x0000000707200000)
  object space 53760K, 99% used [0x0000000702000000,0x000000070542eb30,0x0000000705480000)
GC Heap History (6 events):
Event: 1.548 GC heap before
{Heap before GC invocations=1 (full 0):
 PSYoungGen      total 74752K, used 64512K [0x00000007ad080000, 0x00000007b2380000, 0x0000000800000000)
  eden space 64512K, 100% used [0x00000007ad080000,0x00000007b0f80000,0x00000007b0f80000)
  from space 10240K, 0% used [0x00000007b1980000,0x00000007b1980000,0x00000007b2380000)
  to   space 10240K, 0% used [0x00000007b0f80000,0x00000007b0f80000,0x00000007b1980000)
 ParOldGen       total 169472K, used 0K [0x0000000707200000, 0x0000000711780000, 0x00000007ad080000)
  object space 169472K, 0% used [0x0000000707200000,0x0000000707200000,0x0000000711780000)
 PSPermGen       total 21504K, used 20661K [0x0000000702000000, 0x0000000703500000, 0x0000000707200000)
  object space 21504K, 96% used [0x0000000702000000,0x000000070342d4c8,0x0000000703500000)
Event: 1.564 GC heap after
Heap after GC invocations=1 (full 0):
 PSYoungGen      total 74752K, used 10213K [0x00000007ad080000, 0x00000007b6280000, 0x0000000800000000)
  eden space 64512K, 0% used [0x00000007ad080000,0x00000007ad080000,0x00000007b0f80000)
  from space 10240K, 99% used [0x00000007b0f80000,0x00000007b1979470,0x00000007b1980000)
  to   space 10240K, 0% used [0x00000007b5880000,0x00000007b5880000,0x00000007b6280000)
 ParOldGen       total 169472K, used 9095K [0x0000000707200000, 0x0000000711780000, 0x00000007ad080000)
  object space 169472K, 5% used [0x0000000707200000,0x0000000707ae1cc0,0x0000000711780000)
 PSPermGen       total 21504K, used 20661K [0x0000000702000000, 0x0000000703500000, 0x0000000707200000)
  object space 21504K, 96% used [0x0000000702000000,0x000000070342d4c8,0x0000000703500000)
}
Event: 3.069 GC heap before
{Heap before GC invocations=2 (full 0):
 PSYoungGen      total 74752K, used 74725K [0x00000007ad080000, 0x00000007b6280000, 0x0000000800000000)
  eden space 64512K, 100% used [0x00000007ad080000,0x00000007b0f80000,0x00000007b0f80000)
  from space 10240K, 99% used [0x00000007b0f80000,0x00000007b1979470,0x00000007b1980000)
  to   space 10240K, 0% used [0x00000007b5880000,0x00000007b5880000,0x00000007b6280000)
 ParOldGen       total 169472K, used 9095K [0x0000000707200000, 0x0000000711780000, 0x00000007ad080000)
  object space 169472K, 5% used [0x0000000707200000,0x0000000707ae1cc0,0x0000000711780000)
 PSPermGen       total 38912K, used 38865K [0x0000000702000000, 0x0000000704600000, 0x0000000707200000)
  object space 38912K, 99% used [0x0000000702000000,0x00000007045f4478,0x0000000704600000)
Event: 3.092 GC heap after
Heap after GC invocations=2 (full 0):
 PSYoungGen      total 139264K, used 10237K [0x00000007ad080000, 0x00000007b6280000, 0x0000000800000000)
  eden space 129024K, 0% used [0x00000007ad080000,0x00000007ad080000,0x00000007b4e80000)
  from space 10240K, 99% used [0x00000007b5880000,0x00000007b627f538,0x00000007b6280000)
  to   space 10240K, 0% used [0x00000007b4e80000,0x00000007b4e80000,0x00000007b5880000)
 ParOldGen       total 169472K, used 29547K [0x0000000707200000, 0x0000000711780000, 0x00000007ad080000)
  object space 169472K, 17% used [0x0000000707200000,0x0000000708edaca0,0x0000000711780000)
 PSPermGen       total 38912K, used 38865K [0x0000000702000000, 0x0000000704600000, 0x0000000707200000)
  object space 38912K, 99% used [0x0000000702000000,0x00000007045f4478,0x0000000704600000)
}
Event: 5.060 GC heap before
{Heap before GC invocations=3 (full 0):
 PSYoungGen      total 139264K, used 139261K [0x00000007ad080000, 0x00000007b6280000, 0x0000000800000000)
  eden space 129024K, 100% used [0x00000007ad080000,0x00000007b4e80000,0x00000007b4e80000)
  from space 10240K, 99% used [0x00000007b5880000,0x00000007b627f538,0x00000007b6280000)
  to   space 10240K, 0% used [0x00000007b4e80000,0x00000007b4e80000,0x00000007b5880000)
 ParOldGen       total 169472K, used 29547K [0x0000000707200000, 0x0000000711780000, 0x00000007ad080000)
  object space 169472K, 17% used [0x0000000707200000,0x0000000708edaca0,0x0000000711780000)
 PSPermGen       total 52736K, used 52501K [0x0000000702000000, 0x0000000705380000, 0x0000000707200000)
  object space 52736K, 99% used [0x0000000702000000,0x00000007053456c0,0x0000000705380000)
Event: 5.088 GC heap after
Heap after GC invocations=3 (full 0):
 PSYoungGen      total 139264K, used 10219K [0x00000007ad080000, 0x00000007be080000, 0x0000000800000000)
  eden space 129024K, 0% used [0x00000007ad080000,0x00000007ad080000,0x00000007b4e80000)
  from space 10240K, 99% used [0x00000007b4e80000,0x00000007b587ad78,0x00000007b5880000)
  to   space 10240K, 0% used [0x00000007bd680000,0x00000007bd680000,0x00000007be080000)
 ParOldGen       total 169472K, used 58859K [0x0000000707200000, 0x0000000711780000, 0x00000007ad080000)
  object space 169472K, 34% used [0x0000000707200000,0x000000070ab7af60,0x0000000711780000)
 PSPermGen       total 52736K, used 52501K [0x0000000702000000, 0x0000000705380000, 0x0000000707200000)
  object space 52736K, 99% used [0x0000000702000000,0x00000007053456c0,0x0000000705380000)
}

